0 info it worked if it ends with ok
1 verbose cli [ 'F:\\Program Files\\nodejs\\node.exe',
1 verbose cli   'F:\\Program Files\\nodejs\\node_modules\\npm\\bin\\npm-cli.js',
1 verbose cli   'run',
1 verbose cli   'server' ]
2 info using npm@3.10.10
3 info using node@v6.11.2
4 verbose run-script [ 'preserver', 'server', 'postserver' ]
5 info lifecycle one@1.0.0~preserver: one@1.0.0
6 silly lifecycle one@1.0.0~preserver: no script for preserver, continuing
7 info lifecycle one@1.0.0~server: one@1.0.0
8 verbose lifecycle one@1.0.0~server: unsafe-perm in lifecycle true
9 verbose lifecycle one@1.0.0~server: PATH: F:\Program Files\nodejs\node_modules\npm\bin\node-gyp-bin;G:\study\hbuilder\React\one\src\node_modules\.bin;C:\Windows\system32;C:\Windows;C:\Windows\System32\Wbem;C:\Windows\System32\WindowsPowerShell\v1.0\;F:\Program Files\nodejs\;G:\nodejs\node_global\node_modules;F:\Program Files\git\Git\cmd;G:\opencv\opencv32;F:\Program Files\matlab\runtime\win64;F:\Program Files\matlab\bin;F:\Program Files\matlab\polyspace\bin;C:\Program Files\TortoiseGit\bin;C:\Program Files\Git\cmd;C:\Program Files\Git\bin;C:\Users\jwf\AppData\Local\Microsoft\WindowsApps;C:\Users\蒋味芳\AppData\Roaming\npm;G:\nodejs\node_global;
10 verbose lifecycle one@1.0.0~server: CWD: G:\study\hbuilder\React\one\src
11 silly lifecycle one@1.0.0~server: Args: [ '/d /s /c', 'webpack-dev-server --open' ]
12 verbose stack Error: kill ENOSYS
12 verbose stack     at exports._errnoException (util.js:1020:11)
12 verbose stack     at process.kill (internal/process.js:190:13)
12 verbose stack     at process.listener (F:\Program Files\nodejs\node_modules\npm\node_modules\npmlog\node_modules\gauge\node_modules\signal-exit\index.js:86:15)
12 verbose stack     at emitNone (events.js:91:20)
12 verbose stack     at process.emit (events.js:185:7)
12 verbose stack     at processEmit (F:\Program Files\nodejs\node_modules\npm\node_modules\npmlog\node_modules\gauge\node_modules\signal-exit\index.js:146:32)
12 verbose stack     at processEmit (F:\Program Files\nodejs\node_modules\npm\node_modules\npm-registry-client\node_modules\npmlog\node_modules\gauge\node_modules\signal-exit\index.js:146:32)
12 verbose stack     at Signal.wrap.onsignal (internal/process.js:217:44)
13 verbose cwd G:\study\hbuilder\React\one\src
14 error Windows_NT 10.0.15063
15 error argv "F:\\Program Files\\nodejs\\node.exe" "F:\\Program Files\\nodejs\\node_modules\\npm\\bin\\npm-cli.js" "run" "server"
16 error node v6.11.2
17 error npm  v3.10.10
18 error code ENOSYS
19 error errno ENOSYS
20 error syscall kill
21 error kill ENOSYS
22 error If you need help, you may report this error at:
22 error     <https://github.com/npm/npm/issues>
23 verbose exit [ 1, true ]
